nohup: export: No such file or directory
==> Vault server configuration:

Administrative Namespace: 
             Api Address: http://127.0.0.1:8200
                     Cgo: disabled
         Cluster Address: https://127.0.0.1:8201
   Environment Variables: HOME, HOMEBREW_CELLAR, HOMEBREW_PREFIX, HOMEBREW_REPOSITORY, INFOPATH, LC_CTYPE, LOGNAME, LaunchInstanceID, OLDPWD, PATH, PWD, SECURITYSESSIONID, SHELL, SHLVL, SSH_AUTH_SOCK, TERM, TERM_PROGRAM, TERM_PROGRAM_VERSION, TERM_SESSION_ID, TMPDIR, USER, VAULT_ADDR, VAULT_TOKEN, XPC_FLAGS, XPC_SERVICE_NAME, _, __CFBundleIdentifier
              Go Version: go1.22.8
              Listener 1: tcp (addr: "127.0.0.1:8200", cluster address: "127.0.0.1:8201", disable_request_limiter: "false", max_request_duration: "1m30s", max_request_size: "33554432", tls: "disabled")
               Log Level: 
                   Mlock: supported: false, enabled: false
           Recovery Mode: false
                 Storage: inmem
                 Version: Vault v1.18.2, built 2024-11-20T11:24:56Z
             Version Sha: e36bac59ddb8e10e8912c0ddb44416c850939855

==> Vault server started! Log data will stream in below:

2024-11-28T19:28:31.739+0530 [INFO]  proxy environment: http_proxy="" https_proxy="" no_proxy=""
2024-11-28T19:28:31.739+0530 [INFO]  incrementing seal generation: generation=1
2024-11-28T19:28:31.739+0530 [WARN]  no `api_addr` value specified in config or in VAULT_API_ADDR; falling back to detection if possible, but this value should be manually set
2024-11-28T19:28:31.739+0530 [INFO]  core: Initializing version history cache for core
2024-11-28T19:28:31.739+0530 [INFO]  events: Starting event system
2024-11-28T19:28:31.739+0530 [INFO]  core: security barrier not initialized
2024-11-28T19:28:31.739+0530 [INFO]  core: security barrier initialized: stored=1 shares=1 threshold=1
2024-11-28T19:28:31.740+0530 [INFO]  core: post-unseal setup starting
2024-11-28T19:28:31.743+0530 [INFO]  core: loaded wrapping token key
2024-11-28T19:28:31.743+0530 [INFO]  core: successfully setup plugin runtime catalog
2024-11-28T19:28:31.743+0530 [INFO]  core: successfully setup plugin catalog: plugin-directory=""
2024-11-28T19:28:31.743+0530 [INFO]  core: no mounts; adding default mount table
2024-11-28T19:28:31.743+0530 [INFO]  core: successfully mounted: type=cubbyhole version="v1.18.2+builtin.vault" path=cubbyhole/ namespace="ID: root. Path: "
2024-11-28T19:28:31.743+0530 [INFO]  core: successfully mounted: type=system version="v1.18.2+builtin.vault" path=sys/ namespace="ID: root. Path: "
2024-11-28T19:28:31.743+0530 [INFO]  core: successfully mounted: type=identity version="v1.18.2+builtin.vault" path=identity/ namespace="ID: root. Path: "
2024-11-28T19:28:31.744+0530 [INFO]  core: successfully mounted: type=token version="v1.18.2+builtin.vault" path=token/ namespace="ID: root. Path: "
2024-11-28T19:28:31.744+0530 [INFO]  rollback: Starting the rollback manager with 256 workers
2024-11-28T19:28:31.744+0530 [INFO]  rollback: starting rollback manager
2024-11-28T19:28:31.744+0530 [INFO]  core: restoring leases
2024-11-28T19:28:31.744+0530 [INFO]  identity: entities restored
2024-11-28T19:28:31.744+0530 [INFO]  identity: groups restored
2024-11-28T19:28:31.744+0530 [INFO]  core: Recorded vault version: vault version=1.18.2 upgrade time="2024-11-28 13:58:31.744817 +0000 UTC" build date=2024-11-20T11:24:56Z
2024-11-28T19:28:31.744+0530 [INFO]  core: post-unseal setup complete
2024-11-28T19:28:31.744+0530 [INFO]  expiration: lease restore complete
2024-11-28T19:28:31.745+0530 [INFO]  core: root token generated
2024-11-28T19:28:31.745+0530 [INFO]  core: pre-seal teardown starting
2024-11-28T19:28:31.745+0530 [INFO]  rollback: stopping rollback manager
2024-11-28T19:28:31.745+0530 [INFO]  core: pre-seal teardown complete
2024-11-28T19:28:31.745+0530 [INFO]  core.cluster-listener.tcp: starting listener: listener_address=127.0.0.1:8201
2024-11-28T19:28:31.745+0530 [INFO]  core.cluster-listener: serving cluster requests: cluster_listen_address=127.0.0.1:8201
2024-11-28T19:28:31.745+0530 [INFO]  core: post-unseal setup starting
2024-11-28T19:28:31.745+0530 [INFO]  core: loaded wrapping token key
2024-11-28T19:28:31.745+0530 [INFO]  core: successfully setup plugin runtime catalog
2024-11-28T19:28:31.745+0530 [INFO]  core: successfully setup plugin catalog: plugin-directory=""
2024-11-28T19:28:31.745+0530 [INFO]  core: successfully mounted: type=system version="v1.18.2+builtin.vault" path=sys/ namespace="ID: root. Path: "
2024-11-28T19:28:31.745+0530 [INFO]  core: successfully mounted: type=identity version="v1.18.2+builtin.vault" path=identity/ namespace="ID: root. Path: "
2024-11-28T19:28:31.745+0530 [INFO]  core: successfully mounted: type=cubbyhole version="v1.18.2+builtin.vault" path=cubbyhole/ namespace="ID: root. Path: "
2024-11-28T19:28:31.745+0530 [INFO]  core: successfully mounted: type=token version="v1.18.2+builtin.vault" path=token/ namespace="ID: root. Path: "
2024-11-28T19:28:31.745+0530 [INFO]  rollback: Starting the rollback manager with 256 workers
2024-11-28T19:28:31.746+0530 [INFO]  rollback: starting rollback manager
2024-11-28T19:28:31.746+0530 [INFO]  core: restoring leases
2024-11-28T19:28:31.746+0530 [INFO]  expiration: lease restore complete
2024-11-28T19:28:31.746+0530 [INFO]  identity: entities restored
2024-11-28T19:28:31.746+0530 [INFO]  identity: groups restored
2024-11-28T19:28:31.746+0530 [INFO]  core: post-unseal setup complete
2024-11-28T19:28:31.746+0530 [INFO]  core: vault is unsealed
2024-11-28T19:28:31.748+0530 [INFO]  core: successful mount: namespace="" path=secret/ type=kv version="v0.20.0+builtin"
WARNING! dev mode is enabled! In this mode, Vault runs entirely in-memory
and starts unsealed with a single unseal key. The root token is already
authenticated to the CLI, so you can immediately begin using Vault.

You may need to set the following environment variables:

    $ export VAULT_ADDR='http://127.0.0.1:8200'

The unseal key and root token are displayed below in case you want to
seal/unseal the Vault or re-authenticate.

Unseal Key: BQbwniJNBJ+l6d40NDgkmzXwy3FDNN5JDi+YjNTCi38=
Root Token: hvs.tKpvfe2z1cXSMcDIOho8ZC9Y

Development mode should NOT be used in production installations!

