[2024-11-28 16:01:37Z INFO HostContext] No proxy settings were found based on environmental variables (http_proxy/https_proxy/HTTP_PROXY/HTTPS_PROXY)
[2024-11-28 16:01:37Z INFO HostContext] Well known directory 'Bin': '/Users/lakshmiambarish/learn-vault-github-actions/vault-github-action/actions-runner/bin'
[2024-11-28 16:01:37Z INFO HostContext] Well known directory 'Root': '/Users/lakshmiambarish/learn-vault-github-actions/vault-github-action/actions-runner'
[2024-11-28 16:01:37Z INFO HostContext] Well known config file 'Credentials': '/Users/lakshmiambarish/learn-vault-github-actions/vault-github-action/actions-runner/.credentials'
[2024-11-28 16:01:37Z INFO HostContext] Well known directory 'Bin': '/Users/lakshmiambarish/learn-vault-github-actions/vault-github-action/actions-runner/bin'
[2024-11-28 16:01:37Z INFO HostContext] Well known directory 'Root': '/Users/lakshmiambarish/learn-vault-github-actions/vault-github-action/actions-runner'
[2024-11-28 16:01:37Z INFO HostContext] Well known config file 'Runner': '/Users/lakshmiambarish/learn-vault-github-actions/vault-github-action/actions-runner/.runner'
[2024-11-28 16:01:37Z INFO Listener] Runner is built for OSX (Arm64) - osx-arm64.
[2024-11-28 16:01:37Z INFO Listener] RuntimeInformation: Darwin 24.1.0 Darwin Kernel Version 24.1.0: Thu Oct 10 21:00:32 PDT 2024; root:xnu-11215.41.3~2/RELEASE_ARM64_T6030.
[2024-11-28 16:01:37Z INFO Listener] Version: 2.321.0
[2024-11-28 16:01:37Z INFO Listener] Commit: e249007931b7c8e857797fa259c167f0bd4f997a
[2024-11-28 16:01:37Z INFO Listener] Culture: en-US
[2024-11-28 16:01:37Z INFO Listener] UI Culture: en-US
[2024-11-28 16:01:37Z INFO HostContext] Well known directory 'Bin': '/Users/lakshmiambarish/learn-vault-github-actions/vault-github-action/actions-runner/bin'
[2024-11-28 16:01:37Z INFO HostContext] Well known directory 'Root': '/Users/lakshmiambarish/learn-vault-github-actions/vault-github-action/actions-runner'
[2024-11-28 16:01:37Z INFO Listener] Validating directory permissions for: '/Users/lakshmiambarish/learn-vault-github-actions/vault-github-action/actions-runner'
[2024-11-28 16:01:37Z INFO CommandLineParser] Parse
[2024-11-28 16:01:37Z INFO CommandLineParser] Parsing 5 args
[2024-11-28 16:01:37Z INFO CommandLineParser] parsing argument
[2024-11-28 16:01:37Z INFO CommandLineParser] HasArgs: False
[2024-11-28 16:01:37Z INFO CommandLineParser] Adding Command: configure
[2024-11-28 16:01:37Z INFO CommandLineParser] parsing argument
[2024-11-28 16:01:37Z INFO CommandLineParser] HasArgs: True
[2024-11-28 16:01:37Z INFO CommandLineParser] arg: url
[2024-11-28 16:01:37Z INFO CommandLineParser] parsing argument
[2024-11-28 16:01:37Z INFO CommandLineParser] HasArgs: True
[2024-11-28 16:01:37Z INFO CommandLineParser] Adding option 'url': 'https://github.com/lakshmi123a/vault-action-exampleapp'
[2024-11-28 16:01:37Z INFO CommandLineParser] parsing argument
[2024-11-28 16:01:37Z INFO CommandLineParser] HasArgs: True
[2024-11-28 16:01:37Z INFO CommandLineParser] arg: token
[2024-11-28 16:01:37Z INFO CommandLineParser] parsing argument
[2024-11-28 16:01:37Z INFO CommandLineParser] HasArgs: True
[2024-11-28 16:01:37Z INFO CommandLineParser] Adding option 'token': '***'
[2024-11-28 16:01:37Z INFO Listener] Arguments parsed
[2024-11-28 16:01:37Z INFO Runner] ExecuteCommand
[2024-11-28 16:01:37Z INFO ConfigurationStore] currentAssemblyLocation: /Users/lakshmiambarish/learn-vault-github-actions/vault-github-action/actions-runner/bin/Runner.Listener.dll
[2024-11-28 16:01:37Z INFO HostContext] Well known directory 'Bin': '/Users/lakshmiambarish/learn-vault-github-actions/vault-github-action/actions-runner/bin'
[2024-11-28 16:01:37Z INFO ConfigurationStore] binPath: /Users/lakshmiambarish/learn-vault-github-actions/vault-github-action/actions-runner/bin
[2024-11-28 16:01:37Z INFO HostContext] Well known directory 'Bin': '/Users/lakshmiambarish/learn-vault-github-actions/vault-github-action/actions-runner/bin'
[2024-11-28 16:01:37Z INFO HostContext] Well known directory 'Root': '/Users/lakshmiambarish/learn-vault-github-actions/vault-github-action/actions-runner'
[2024-11-28 16:01:37Z INFO ConfigurationStore] RootFolder: /Users/lakshmiambarish/learn-vault-github-actions/vault-github-action/actions-runner
[2024-11-28 16:01:37Z INFO HostContext] Well known directory 'Bin': '/Users/lakshmiambarish/learn-vault-github-actions/vault-github-action/actions-runner/bin'
[2024-11-28 16:01:37Z INFO HostContext] Well known directory 'Root': '/Users/lakshmiambarish/learn-vault-github-actions/vault-github-action/actions-runner'
[2024-11-28 16:01:37Z INFO HostContext] Well known config file 'Runner': '/Users/lakshmiambarish/learn-vault-github-actions/vault-github-action/actions-runner/.runner'
[2024-11-28 16:01:37Z INFO ConfigurationStore] ConfigFilePath: /Users/lakshmiambarish/learn-vault-github-actions/vault-github-action/actions-runner/.runner
[2024-11-28 16:01:37Z INFO HostContext] Well known directory 'Bin': '/Users/lakshmiambarish/learn-vault-github-actions/vault-github-action/actions-runner/bin'
[2024-11-28 16:01:37Z INFO HostContext] Well known directory 'Root': '/Users/lakshmiambarish/learn-vault-github-actions/vault-github-action/actions-runner'
[2024-11-28 16:01:37Z INFO HostContext] Well known config file 'Credentials': '/Users/lakshmiambarish/learn-vault-github-actions/vault-github-action/actions-runner/.credentials'
[2024-11-28 16:01:37Z INFO ConfigurationStore] CredFilePath: /Users/lakshmiambarish/learn-vault-github-actions/vault-github-action/actions-runner/.credentials
[2024-11-28 16:01:37Z INFO HostContext] Well known directory 'Bin': '/Users/lakshmiambarish/learn-vault-github-actions/vault-github-action/actions-runner/bin'
[2024-11-28 16:01:37Z INFO HostContext] Well known directory 'Root': '/Users/lakshmiambarish/learn-vault-github-actions/vault-github-action/actions-runner'
[2024-11-28 16:01:37Z INFO HostContext] Well known config file 'MigratedCredentials': '/Users/lakshmiambarish/learn-vault-github-actions/vault-github-action/actions-runner/.credentials_migrated'
[2024-11-28 16:01:37Z INFO ConfigurationStore] MigratedCredFilePath: /Users/lakshmiambarish/learn-vault-github-actions/vault-github-action/actions-runner/.credentials_migrated
[2024-11-28 16:01:37Z INFO HostContext] Well known directory 'Bin': '/Users/lakshmiambarish/learn-vault-github-actions/vault-github-action/actions-runner/bin'
[2024-11-28 16:01:37Z INFO HostContext] Well known directory 'Root': '/Users/lakshmiambarish/learn-vault-github-actions/vault-github-action/actions-runner'
[2024-11-28 16:01:37Z INFO HostContext] Well known config file 'Service': '/Users/lakshmiambarish/learn-vault-github-actions/vault-github-action/actions-runner/.service'
[2024-11-28 16:01:37Z INFO ConfigurationStore] ServiceConfigFilePath: /Users/lakshmiambarish/learn-vault-github-actions/vault-github-action/actions-runner/.service
[2024-11-28 16:01:37Z INFO CommandSettings] Flag 'help': 'False'
[2024-11-28 16:01:37Z INFO CommandSettings] Flag 'version': 'False'
[2024-11-28 16:01:37Z INFO CommandSettings] Flag 'commit': 'False'
[2024-11-28 16:01:37Z INFO CommandSettings] Flag 'check': 'False'
[2024-11-28 16:01:37Z INFO CommandSettings] Command 'configure': 'True'
[2024-11-28 16:01:37Z INFO Terminal] WRITE LINE: 
[2024-11-28 16:01:37Z INFO Terminal] WRITE LINE: --------------------------------------------------------------------------------
[2024-11-28 16:01:37Z INFO Terminal] WRITE LINE: |        ____ _ _   _   _       _          _        _   _                      |
[2024-11-28 16:01:37Z INFO Terminal] WRITE LINE: |       / ___(_) |_| | | |_   _| |__      / \   ___| |_(_) ___  _ __  ___      |
[2024-11-28 16:01:37Z INFO Terminal] WRITE LINE: |      | |  _| | __| |_| | | | | '_ \    / _ \ / __| __| |/ _ \| '_ \/ __|     |
[2024-11-28 16:01:37Z INFO Terminal] WRITE LINE: |      | |_| | | |_|  _  | |_| | |_) |  / ___ \ (__| |_| | (_) | | | \__ \     |
[2024-11-28 16:01:37Z INFO Terminal] WRITE LINE: |       \____|_|\__|_| |_|\__,_|_.__/  /_/   \_\___|\__|_|\___/|_| |_|___/     |
[2024-11-28 16:01:37Z INFO Terminal] WRITE LINE: |                                                                              |
[2024-11-28 16:01:37Z INFO Terminal] WRITE: |                       
[2024-11-28 16:01:37Z INFO Terminal] WRITE: Self-hosted runner registration
[2024-11-28 16:01:37Z INFO Terminal] WRITE LINE:                         |
[2024-11-28 16:01:37Z INFO Terminal] WRITE LINE: |                                                                              |
[2024-11-28 16:01:37Z INFO Terminal] WRITE LINE: --------------------------------------------------------------------------------
[2024-11-28 16:01:37Z INFO ConfigurationManager] ConfigureAsync
[2024-11-28 16:01:37Z INFO CommandSettings] Flag 'generateServiceConfig': 'False'
[2024-11-28 16:01:37Z INFO ConfigurationStore] IsConfigured()
[2024-11-28 16:01:37Z INFO ConfigurationStore] IsConfigured: False
[2024-11-28 16:01:37Z INFO ConfigurationManager] Is configured: False
[2024-11-28 16:01:37Z INFO CommandSettings] Arg 'url': 'https://github.com/lakshmi123a/vault-action-exampleapp'
[2024-11-28 16:01:37Z INFO CommandSettings] Remove url from Arg dictionary.
[2024-11-28 16:01:37Z INFO CommandSettings] Arg 'token': '***'
[2024-11-28 16:01:37Z INFO CommandSettings] Remove token from Arg dictionary.
[2024-11-28 16:01:37Z ERR  Terminal] WRITE ERROR: Http response code: NotFound from 'POST https://api.github.com/actions/runner-registration' (Request Id: D324:3DA9A5:D2F1AC:F2AA66:674893E1)
[2024-11-28 16:01:37Z ERR  Terminal] WRITE ERROR: {"message":"Not Found","documentation_url":"https://docs.github.com/rest","status":"404"}
[2024-11-28 16:01:37Z ERR  Runner] System.Net.Http.HttpRequestException: Response status code does not indicate success: 404 (Not Found).
   at System.Net.Http.HttpResponseMessage.EnsureSuccessStatusCode()
   at GitHub.Runner.Listener.Configuration.ConfigurationManager.GetTenantCredential(String githubUrl, String githubToken, String runnerEvent)
   at GitHub.Runner.Listener.Configuration.ConfigurationManager.ConfigureAsync(CommandSettings command)
   at GitHub.Runner.Listener.Runner.ExecuteCommand(CommandSettings command)
[2024-11-28 16:01:37Z ERR  Terminal] WRITE ERROR: Response status code does not indicate success: 404 (Not Found).
[2024-11-28 16:01:37Z INFO Listener] Runner execution has finished with return code 1
